<?xml version="1.0" encoding="UTF-8"?>
<testng-results skipped="0" failed="0" ignored="0" total="1" passed="1">
  <reporter-output>
  </reporter-output>
  <suite name="Surefire suite" duration-ms="30" started-at="2020-02-18T01:29:13 GMT" finished-at="2020-02-18T01:29:13 GMT">
    <groups>
    </groups>
    <test name="Surefire test" duration-ms="30" started-at="2020-02-18T01:29:13 GMT" finished-at="2020-02-18T01:29:13 GMT">
      <class name="MavenProject.AppTest">
        <test-method status="PASS" signature="testApp()[pri:0, instance:testApp(MavenProject.AppTest)]" name="testApp" duration-ms="1" started-at="2020-02-18T01:29:13 GMT" finished-at="2020-02-18T01:29:13 GMT">
          <reporter-output>
          </reporter-output>
        </test-method> <!-- testApp -->
      </class> <!-- MavenProject.AppTest -->
    </test> <!-- Surefire test -->
  </suite> <!-- Surefire suite -->
</testng-results>
