<?xml version="1.0" encoding="UTF-8"?>
<testng-results skipped="0" failed="0" ignored="0" total="1" passed="1">
  <reporter-output>
  </reporter-output>
  <suite name="Surefire suite" duration-ms="14748" started-at="2020-02-18T01:28:57 GMT" finished-at="2020-02-18T01:29:12 GMT">
    <groups>
    </groups>
    <test name="Surefire test" duration-ms="14748" started-at="2020-02-18T01:28:57 GMT" finished-at="2020-02-18T01:29:12 GMT">
      <class name="MavenProject.SeleniumTest">
        <test-method status="PASS" signature="Browser()[pri:0, instance:MavenProject.SeleniumTest@6d4b1c02]" name="Browser" duration-ms="14693" started-at="2020-02-18T01:28:58 GMT" finished-at="2020-02-18T01:29:12 GMT">
          <reporter-output>
          </reporter-output>
        </test-method> <!-- Browser -->
      </class> <!-- MavenProject.SeleniumTest -->
    </test> <!-- Surefire test -->
  </suite> <!-- Surefire suite -->
</testng-results>
